<?xml version="1.0" encoding="UTF-8"?>
<testng-results skipped="0" failed="0" ignored="0" total="1" passed="1">
  <reporter-output>
  </reporter-output>
  <suite name="Default suite" duration-ms="327376" started-at="2021-05-13T19:02:09 IST" finished-at="2021-05-13T19:07:37 IST">
    <groups>
    </groups>
    <test name="Default test" duration-ms="327376" started-at="2021-05-13T19:02:09 IST" finished-at="2021-05-13T19:07:37 IST">
      <class name="com.amazonAuto.tests.AmazonTest">
        <test-method status="PASS" signature="preConditions()[pri:0, instance:com.amazonAuto.tests.AmazonTest@7276c8cd]" name="preConditions" is-config="true" duration-ms="125610" started-at="2021-05-13T19:02:09 IST" finished-at="2021-05-13T19:04:15 IST">
          <reporter-output>
          </reporter-output>
        </test-method> <!-- preConditions -->
        <test-method status="PASS" signature="test()[pri:0, instance:com.amazonAuto.tests.AmazonTest@7276c8cd]" name="test" duration-ms="201656" started-at="2021-05-13T19:04:15 IST" finished-at="2021-05-13T19:07:37 IST">
          <reporter-output>
          </reporter-output>
        </test-method> <!-- test -->
        <test-method status="PASS" signature="postConditions()[pri:0, instance:com.amazonAuto.tests.AmazonTest@7276c8cd]" name="postConditions" is-config="true" duration-ms="2" started-at="2021-05-13T19:07:37 IST" finished-at="2021-05-13T19:07:37 IST">
          <reporter-output>
          </reporter-output>
        </test-method> <!-- postConditions -->
      </class> <!-- com.amazonAuto.tests.AmazonTest -->
    </test> <!-- Default test -->
  </suite> <!-- Default suite -->
</testng-results>
